<?xml version="1.0" encoding="UTF-8"?>
<!-- Generated by org.testng.reporters.JUnitReportReporter -->
<testsuite hostname="varsha" failures="0" tests="1" name="testNG.WindowHandling" time="24.423" errors="0" timestamp="2023-09-25T19:04:42 IST" skipped="0">
  <testcase classname="testNG.WindowHandling" name="aboutUs" time="24.423"/>
</testsuite> <!-- testNG.WindowHandling -->
