<?xml version="1.0" encoding="UTF-8"?>
<!-- Generated by org.testng.reporters.JUnitReportReporter -->
<testsuite hostname="varsha" failures="0" tests="1" name="typeOfWaits.ImplicitWait" time="28.880" errors="0" timestamp="2023-10-08T19:44:16 IST" skipped="0">
  <testcase classname="typeOfWaits.ImplicitWait" name="implicit" time="28.880"/>
</testsuite> <!-- typeOfWaits.ImplicitWait -->
