<?xml version="1.0" encoding="UTF-8"?>
<!-- Generated by org.testng.reporters.JUnitReportReporter -->
<testsuite hostname="varsha" failures="0" tests="3" name="testNG.Z" time="0.004" errors="0" timestamp="2023-09-27T07:47:32 IST" skipped="0">
  <testcase classname="testNG.Z" name="lunchURL" time="0.001"/>
  <testcase classname="testNG.Z" name="verifyLogin" time="0.002"/>
  <testcase classname="testNG.Z" name="closeBrowser" time="0.001"/>
</testsuite> <!-- testNG.Z -->
