<?xml version="1.0" encoding="UTF-8"?>
<!-- Generated by org.testng.reporters.JUnitReportReporter -->
<testsuite hostname="varsha" failures="0" tests="1" name="testNG.WindowsHandling" time="32.048" errors="0" timestamp="2023-09-25T18:49:57 IST" skipped="0">
  <testcase classname="testNG.WindowsHandling" name="handlingWindow" time="32.048"/>
</testsuite> <!-- testNG.WindowsHandling -->
