<?xml version="1.0" encoding="UTF-8"?>
<!-- Generated by org.testng.reporters.JUnitReportReporter -->
<testsuite hostname="varsha" failures="0" tests="1" name="handlingTabs.HandlingTab" time="23.923" errors="0" timestamp="2023-09-27T21:29:13 IST" skipped="0">
  <testcase classname="handlingTabs.HandlingTab" name="handlingTab" time="23.923"/>
</testsuite> <!-- handlingTabs.HandlingTab -->
