<?xml version="1.0" encoding="UTF-8"?>
<!-- Generated by org.testng.reporters.JUnitReportReporter -->
<testsuite hostname="varsha" failures="0" tests="2" name="testNG.DependsOnMethod" time="0.016" errors="0" timestamp="2023-09-27T20:42:57 IST" skipped="0">
  <testcase classname="testNG.DependsOnMethod" name="verifyURL" time="0.014"/>
  <testcase classname="testNG.DependsOnMethod" name="closeBrowser" time="0.002"/>
</testsuite> <!-- testNG.DependsOnMethod -->
