<?xml version="1.0" encoding="UTF-8"?>
<!-- Generated by org.testng.reporters.JUnitReportReporter -->
<testsuite hostname="varsha" failures="0" tests="3" name="testNG.EnabledDisabled" time="0.014" errors="0" timestamp="2023-09-27T07:52:03 IST" skipped="1">
  <testcase classname="testNG.EnabledDisabled" name="verifyLogin" time="0.002"/>
  <testcase classname="testNG.EnabledDisabled" name="closeBrowser" time="0.012"/>
  <testcase classname="testNG.EnabledDisabled" name="lunchURL">
    <skipped/>
  </testcase> <!-- lunchURL -->
</testsuite> <!-- testNG.EnabledDisabled -->
