<?xml version="1.0" encoding="UTF-8"?>
<!-- Generated by org.testng.reporters.JUnitReportReporter -->
<testsuite hostname="varsha" failures="0" tests="1" name="testNG.HandlingTab" time="22.052" errors="0" timestamp="2023-09-25T20:07:04 IST" skipped="0">
  <testcase classname="testNG.HandlingTab" name="handlingTab" time="22.052"/>
</testsuite> <!-- testNG.HandlingTab -->
