<?xml version="1.0" encoding="UTF-8"?>
<!-- Generated by org.testng.reporters.JUnitReportReporter -->
<testsuite hostname="varsha" failures="0" tests="1" name="otherPrograms.A" time="0.012" errors="0" timestamp="2023-09-21T08:09:20 IST" skipped="0">
  <testcase classname="otherPrograms.A" name="m" time="0.012"/>
</testsuite> <!-- otherPrograms.A -->
